<?xml version="1.0" encoding="UTF-8"?>
<!-- Generated by org.testng.reporters.JUnitReportReporter -->
<testsuite hostname="DESKTOP-P8351SK" failures="0" tests="2" name="testNGAssertions.TestDemo" time="22.101" errors="0" timestamp="2023-05-22T16:43:56 IST" skipped="0">
  <testcase classname="testNGAssertions.TestDemo" name="BrowserTest" time="10.487"/>
  <system-out/>
  <testcase classname="testNGAssertions.TestDemo" name="BrowserTest" time="11.614"/>
  <system-out/>
</testsuite> <!-- testNGAssertions.TestDemo -->
